|->getNonce()
 |->JS_Cmd_Nonce()
 |->Socket_Process()
 |->JS_ObjectUnmarshal()
 |->JS_Rsp_Nonce()
|->saveNonce()
|->loadNonce()
|->createQuote()
 |->TSS_File_ReadStructure(&akPub,)
 |->TSS_File_ReadStructure(&akPriv,)
 |->runQuote() [ return the signature,quote data, and PCRs ]
 |->Array_PrintMalloc()
 |->TSS_Structure_Marshal()
 |->Array_PrintMalloc()
 |->for() [iterate through PCR ]
  |->for() [iterate through each bank ]
 |->JS_Cmd_Quote()
 |->Socket_Process()
 |->JS_ObjectUnmarshal()
 |->JS_Rsp_Quote()
|->sendBiosMeasurements()
 |->JS_Cmd_NewBiosEntry()
 |->retrieveTPMLog()
 |->fopen(biosInputFilename,"rb")
 |->TSS_EVENT_Line_Read()
 |->TSS_SpecIdEvent_Unmarshal()
 |->for() [scan each measurement 'line' in the binary ]
 |->JS_ObjectSerialize()
 |->Socket_Process()
 |->JS_ObjectUnmarshal()
 |->JS_Rsp_Bios()
|->sendImaMeasurements()
 |->JS_Cmd_NewImaEntry()
 |->retrieveTPMLog()
 |->fopen(imaInputFilename,"rb")
 |->for()
  |->IMA_Event_Init()
  |->IMA_Event_ReadFile()
 |->JS_Cmd_AddImaEntry()
 |->for()
  |->IMA_Event_Init()
  |->IMA_Event_ReadFile()
  |->JS_Cmd_AddImaEvent()
 |->JS_ObjectSerialize()
 |->Socket_Process()
 |->JS_ObjectUnmarshal()
 |->JS_Rsp_Ima()
|->Socket_Open()

